#
# There is insufficient memory for the Java Runtime Environment to continue.
# Native memory allocation (malloc) failed to allocate 1066736 bytes for Chunk::new
# Possible reasons:
#   The system is out of physical RAM or swap space
#   The process is running with CompressedOops enabled, and the Java Heap may be blocking the growth of the native heap
# Possible solutions:
#   Reduce memory load on the system
#   Increase physical memory or swap space
#   Check if swap backing store is full
#   Decrease Java heap size (-Xmx/-Xms)
#   Decrease number of Java threads
#   Decrease Java thread stack sizes (-Xss)
#   Set larger code cache with -XX:ReservedCodeCacheSize=
#   JVM is running with Unscaled Compressed Oops mode in which the Java heap is
#     placed in the first 4GB address space. The Java Heap base address is the
#     maximum limit for the native heap growth. Please use -XX:HeapBaseMinAddress
#     to set the Java Heap base and to place the Java Heap above 4GB virtual address.
# This output file may be truncated or incomplete.
#
#  Out of Memory Error (allocation.cpp:389), pid=11484, tid=0x0000000000000d08
#
# JRE version: OpenJDK Runtime Environment (8.0_275-b01) (build 1.8.0_275-b01)
# Java VM: OpenJDK 64-Bit Server VM (25.275-b01 mixed mode windows-amd64 compressed oops)
# Failed to write core dump. Minidumps are not enabled by default on client versions of Windows
#

---------------  T H R E A D  ---------------

Current thread (0x0000000013d6f800):  JavaThread "C2 CompilerThread0" daemon [_thread_in_native, id=3336, stack(0x00000000153b0000,0x00000000154b0000)]

Stack: [0x00000000153b0000,0x00000000154b0000]
[error occurred during error reporting (printing stack bounds), id 0xc0000005]

Native frames: (J=compiled Java code, j=interpreted, Vv=VM code, C=native code)


Current CompileTask:
C2:4088380 32620       4       com.sun.tools.javac.comp.Lower::access (714 bytes)


---------------  P R O C E S S  ---------------

Java Threads: ( => current thread )
  0x0000000019f5f000 JavaThread "stdout" [_thread_in_native, id=5904, stack(0x0000000034860000,0x0000000034960000)]
  0x0000000019f5e000 JavaThread "stderr" [_thread_in_native, id=10892, stack(0x0000000034760000,0x0000000034860000)]
  0x0000000019f5b000 JavaThread "stdout" [_thread_in_native, id=9836, stack(0x0000000034660000,0x0000000034760000)]
  0x0000000019f5d000 JavaThread "stderr" [_thread_in_native, id=8096, stack(0x0000000034560000,0x0000000034660000)]
  0x0000000019f59800 JavaThread "pool-34-thread-1" [_thread_blocked, id=7092, stack(0x0000000033e60000,0x0000000033f60000)]
  0x0000000019f54000 JavaThread "WorkerExecutor Queue Thread 6" [_thread_blocked, id=8236, stack(0x0000000032080000,0x0000000032180000)]
  0x0000000019f57000 JavaThread "RMI TCP Connection(6)-127.0.0.1" daemon [_thread_in_native, id=1248, stack(0x0000000034460000,0x0000000034560000)]
  0x000000002b9ad000 JavaThread "Cache worker for Java compile cache (C:\Users\aahajenkins\Desktop\Task\android\.gradle\6.9\javaCompile)" [_thread_blocked, id=3448, stack(0x0000000033f60000,0x0000000034060000)]
  0x000000002b9a9800 JavaThread "WorkerExecutor Queue Thread 4" [_thread_blocked, id=8860, stack(0x0000000032fd0000,0x00000000330d0000)]
  0x000000002b9a9000 JavaThread "WorkerExecutor Queue Thread 2" [_thread_blocked, id=11884, stack(0x0000000031d80000,0x0000000031e80000)]
  0x000000002b9a2000 JavaThread "WorkerExecutor Queue" [_thread_blocked, id=10872, stack(0x0000000031780000,0x0000000031880000)]
  0x000000002b9a7800 JavaThread "Cache worker for execution history cache (C:\Users\aahajenkins\Desktop\Task\android\.gradle\6.9\executionHistory)" [_thread_blocked, id=1896, stack(0x0000000031530000,0x0000000031630000)]
  0x000000002b9a8000 JavaThread "Execution worker for ':' Thread 3" [_thread_in_native, id=3868, stack(0x0000000031430000,0x0000000031530000)]
  0x000000002b9a5800 JavaThread "Execution worker for ':' Thread 2" [_thread_blocked, id=4356, stack(0x0000000031330000,0x0000000031430000)]
  0x000000002b9a1000 JavaThread "Execution worker for ':'" [_thread_blocked, id=11724, stack(0x0000000031230000,0x0000000031330000)]
  0x000000002b9a5000 JavaThread "build event listener" [_thread_blocked, id=2220, stack(0x0000000031130000,0x0000000031230000)]
  0x000000002b9a4000 JavaThread "Build operations Thread 4" [_thread_blocked, id=4364, stack(0x0000000030e30000,0x0000000030f30000)]
  0x000000002b999000 JavaThread "Build operations Thread 3" [_thread_blocked, id=3160, stack(0x0000000030d30000,0x0000000030e30000)]
  0x000000002b9a0000 JavaThread "Build operations Thread 2" [_thread_blocked, id=660, stack(0x000000001ebd0000,0x000000001ecd0000)]
  0x000000002b997800 JavaThread "Build operations" [_thread_blocked, id=5100, stack(0x000000001ead0000,0x000000001ebd0000)]
  0x000000002b99a000 JavaThread "Cache worker for Build Output Cleanup Cache (C:\Users\aahajenkins\Desktop\Task\android\.gradle\buildOutputCleanup)" [_thread_blocked, id=9176, stack(0x000000001e5d0000,0x000000001e6d0000)]
  0x000000002b99e800 JavaThread "Cache worker for cache directory md-rule (C:\Users\aahajenkins\.gradle\caches\6.9\md-rule)" [_thread_blocked, id=5528, stack(0x000000001ddd0000,0x000000001ded0000)]
  0x000000002b997000 JavaThread "Cache worker for cache directory md-supplier (C:\Users\aahajenkins\.gradle\caches\6.9\md-supplier)" [_thread_blocked, id=3088, stack(0x000000001d5d0000,0x000000001d6d0000)]
  0x000000002b99e000 JavaThread "Cache worker for checksums cache (C:\Users\aahajenkins\Desktop\Task\android\.gradle\checksums)" [_thread_blocked, id=7544, stack(0x000000001d4d0000,0x000000001d5d0000)]
  0x000000002b996000 JavaThread "Cache worker for file hash cache (C:\Users\aahajenkins\Desktop\Task\android\.gradle\6.9\fileHashes)" [_thread_blocked, id=10576, stack(0x000000001bf70000,0x000000001c070000)]
  0x000000002b998800 JavaThread "Daemon client event forwarder" [_thread_blocked, id=11508, stack(0x000000001be70000,0x000000001bf70000)]
  0x000000002b99d000 JavaThread "Stdin handler" [_thread_blocked, id=11848, stack(0x00000000195d0000,0x00000000196d0000)]
  0x000000002b99c800 JavaThread "Asynchronous log dispatcher for DefaultDaemonConnection: socket connection from /127.0.0.1:61569 to /127.0.0.1:51989" [_thread_blocked, id=8956, stack(0x00000000194d0000,0x00000000195d0000)]
  0x000000002b99a800 JavaThread "Cancel handler" [_thread_blocked, id=9720, stack(0x00000000193d0000,0x00000000194d0000)]
  0x000000002b99b800 JavaThread "Handler for socket connection from /127.0.0.1:61569 to /127.0.0.1:51989" [_thread_in_native, id=8000, stack(0x00000000192d0000,0x00000000193d0000)]
  0x000000002b9ab000 JavaThread "RMI TCP Connection(7)-127.0.0.1" daemon [_thread_in_native, id=4984, stack(0x0000000033d60000,0x0000000033e60000)]
  0x000000002b98e000 JavaThread "jar transforms Thread 520" [_thread_blocked, id=10812, stack(0x0000000030c30000,0x0000000030d30000)]
  0x000000002b995000 JavaThread "jar transforms Thread 519" [_thread_blocked, id=10864, stack(0x0000000030530000,0x0000000030630000)]
  0x000000002b994800 JavaThread "jar transforms Thread 518" [_thread_blocked, id=8924, stack(0x0000000030430000,0x0000000030530000)]
  0x000000002b990800 JavaThread "jar transforms Thread 517" [_thread_blocked, id=10492, stack(0x0000000030330000,0x0000000030430000)]
  0x000000002b98f800 JavaThread "jar transforms Thread 516" [_thread_blocked, id=4268, stack(0x0000000030230000,0x0000000030330000)]
  0x000000002b991800 JavaThread "jar transforms Thread 515" [_thread_blocked, id=5108, stack(0x0000000030130000,0x0000000030230000)]
  0x000000002b993000 JavaThread "jar transforms Thread 514" [_thread_blocked, id=2108, stack(0x0000000030030000,0x0000000030130000)]
  0x000000002b992000 JavaThread "jar transforms Thread 513" [_thread_blocked, id=6400, stack(0x000000002ff30000,0x0000000030030000)]
  0x000000002b993800 JavaThread "jar transforms Thread 512" [_thread_blocked, id=8504, stack(0x000000002fe30000,0x000000002ff30000)]
  0x000000002b98f000 JavaThread "jar transforms Thread 511" [_thread_blocked, id=8364, stack(0x000000002fd30000,0x000000002fe30000)]
  0x000000002d2a3800 JavaThread "jar transforms Thread 510" [_thread_blocked, id=7152, stack(0x000000002fc30000,0x000000002fd30000)]
  0x000000002d2a3000 JavaThread "jar transforms Thread 509" [_thread_blocked, id=5976, stack(0x000000002fb30000,0x000000002fc30000)]
  0x000000002d2a2000 JavaThread "jar transforms Thread 508" [_thread_blocked, id=1140, stack(0x000000002fa30000,0x000000002fb30000)]
  0x000000002d2a1800 JavaThread "jar transforms Thread 507" [_thread_blocked, id=7156, stack(0x000000002f930000,0x000000002fa30000)]
  0x000000002d2a4800 JavaThread "jar transforms Thread 506" [_thread_blocked, id=3700, stack(0x000000002f830000,0x000000002f930000)]
  0x000000002d2a0800 JavaThread "jar transforms Thread 505" [_thread_blocked, id=4800, stack(0x000000002f730000,0x000000002f830000)]
  0x000000002d298800 JavaThread "jar transforms Thread 504" [_thread_blocked, id=6692, stack(0x000000002f630000,0x000000002f730000)]
  0x000000002d2a0000 JavaThread "jar transforms Thread 503" [_thread_blocked, id=5720, stack(0x000000002f530000,0x000000002f630000)]
  0x000000002d298000 JavaThread "jar transforms Thread 502" [_thread_blocked, id=6704, stack(0x000000002f430000,0x000000002f530000)]
  0x000000002d29f000 JavaThread "jar transforms Thread 501" [_thread_blocked, id=5216, stack(0x000000002a4f0000,0x000000002a5f0000)]
  0x000000002d297000 JavaThread "jar transforms Thread 500" [_thread_blocked, id=10412, stack(0x000000002a3f0000,0x000000002a4f0000)]
  0x000000002d29b000 JavaThread "jar transforms Thread 499" [_thread_blocked, id=12024, stack(0x000000002a2f0000,0x000000002a3f0000)]
  0x000000002d29d800 JavaThread "jar transforms Thread 498" [_thread_blocked, id=4592, stack(0x000000002a1f0000,0x000000002a2f0000)]
  0x000000002d29e000 JavaThread "jar transforms Thread 497" [_thread_blocked, id=2528, stack(0x0000000029ac0000,0x0000000029bc0000)]
  0x000000002d295800 JavaThread "jar transforms Thread 496" [_thread_blocked, id=7548, stack(0x00000000296f0000,0x00000000297f0000)]
  0x000000002d29c800 JavaThread "jar transforms Thread 495" [_thread_blocked, id=3140, stack(0x00000000295f0000,0x00000000296f0000)]
  0x000000002d299800 JavaThread "jar transforms Thread 494" [_thread_blocked, id=8552, stack(0x00000000294f0000,0x00000000295f0000)]
  0x000000002d296800 JavaThread "jar transforms Thread 493" [_thread_blocked, id=8256, stack(0x00000000293f0000,0x00000000294f0000)]
  0x000000002d29a800 JavaThread "jar transforms Thread 492" [_thread_blocked, id=2540, stack(0x00000000292f0000,0x00000000293f0000)]
  0x000000002d29c000 JavaThread "jar transforms Thread 491" [_thread_blocked, id=4548, stack(0x00000000291f0000,0x00000000292f0000)]
  0x000000002bd8c000 JavaThread "jar transforms Thread 490" [_thread_blocked, id=1068, stack(0x00000000290f0000,0x00000000291f0000)]
  0x00000000159a0800 JavaThread "jar transforms Thread 489" [_thread_blocked, id=6892, stack(0x0000000028ff0000,0x00000000290f0000)]
  0x000000001599f800 JavaThread "jar transforms Thread 488" [_thread_blocked, id=11664, stack(0x0000000028ef0000,0x0000000028ff0000)]
  0x000000001599f000 JavaThread "jar transforms Thread 487" [_thread_blocked, id=9200, stack(0x0000000026350000,0x0000000026450000)]
  0x000000001599e000 JavaThread "jar transforms Thread 486" [_thread_blocked, id=5344, stack(0x0000000024bd0000,0x0000000024cd0000)]
  0x0000000015996000 JavaThread "jar transforms Thread 485" [_thread_blocked, id=5836, stack(0x0000000024ad0000,0x0000000024bd0000)]
  0x000000001599d800 JavaThread "jar transforms Thread 484" [_thread_blocked, id=12068, stack(0x00000000249d0000,0x0000000024ad0000)]
  0x000000001599c800 JavaThread "jar transforms Thread 483" [_thread_blocked, id=5908, stack(0x00000000248d0000,0x00000000249d0000)]
  0x0000000015994800 JavaThread "jar transforms Thread 482" [_thread_blocked, id=8184, stack(0x00000000247d0000,0x00000000248d0000)]
  0x000000001599b800 JavaThread "jar transforms Thread 481" [_thread_blocked, id=10604, stack(0x00000000246d0000,0x00000000247d0000)]
  0x000000001599b000 JavaThread "jar transforms Thread 480" [_thread_blocked, id=4960, stack(0x00000000245d0000,0x00000000246d0000)]
  0x000000001599a000 JavaThread "jar transforms Thread 479" [_thread_blocked, id=3880, stack(0x00000000244d0000,0x00000000245d0000)]
  0x0000000015992800 JavaThread "jar transforms Thread 478" [_thread_blocked, id=6788, stack(0x00000000243d0000,0x00000000244d0000)]
  0x0000000015995800 JavaThread "jar transforms Thread 477" [_thread_blocked, id=11788, stack(0x00000000242d0000,0x00000000243d0000)]
  0x0000000015998800 JavaThread "jar transforms Thread 476" [_thread_blocked, id=6304, stack(0x00000000241d0000,0x00000000242d0000)]
  0x0000000015999800 JavaThread "jar transforms Thread 475" [_thread_blocked, id=3952, stack(0x00000000240d0000,0x00000000241d0000)]
  0x0000000015998000 JavaThread "jar transforms Thread 474" [_thread_blocked, id=5244, stack(0x0000000023fd0000,0x00000000240d0000)]
  0x0000000015993000 JavaThread "jar transforms Thread 473" [_thread_blocked, id=2480, stack(0x0000000023ed0000,0x0000000023fd0000)]
  0x0000000015997000 JavaThread "jar transforms Thread 472" [_thread_blocked, id=11020, stack(0x0000000023dd0000,0x0000000023ed0000)]
  0x0000000015994000 JavaThread "jar transforms Thread 471" [_thread_blocked, id=12008, stack(0x0000000023cd0000,0x0000000023dd0000)]
  0x0000000015f1a000 JavaThread "jar transforms Thread 470" [_thread_blocked, id=576, stack(0x0000000023bd0000,0x0000000023cd0000)]
  0x0000000015f17000 JavaThread "jar transforms Thread 469" [_thread_blocked, id=1236, stack(0x0000000023ad0000,0x0000000023bd0000)]
  0x0000000015f13800 JavaThread "jar transforms Thread 468" [_thread_blocked, id=4976, stack(0x00000000239d0000,0x0000000023ad0000)]
  0x0000000015f16000 JavaThread "jar transforms Thread 467" [_thread_blocked, id=10748, stack(0x00000000238d0000,0x00000000239d0000)]
  0x0000000015f18800 JavaThread "jar transforms Thread 466" [_thread_blocked, id=9792, stack(0x00000000237d0000,0x00000000238d0000)]
  0x000000001b17c800 JavaThread "jar transforms Thread 465" [_thread_blocked, id=836, stack(0x00000000236d0000,0x00000000237d0000)]
  0x000000001b17b800 JavaThread "jar transforms Thread 464" [_thread_blocked, id=2852, stack(0x00000000235d0000,0x00000000236d0000)]
  0x000000001b17a000 JavaThread "jar transforms Thread 463" [_thread_blocked, id=2928, stack(0x00000000234d0000,0x00000000235d0000)]
  0x000000001b179800 JavaThread "jar transforms Thread 462" [_thread_blocked, id=3420, stack(0x00000000233d0000,0x00000000234d0000)]
  0x000000001b176000 JavaThread "jar transforms Thread 461" [_thread_blocked, id=1212, stack(0x00000000232d0000,0x00000000233d0000)]
  0x000000002bd9b000 JavaThread "jar transforms Thread 460" [_thread_blocked, id=10128, stack(0x00000000231d0000,0x00000000232d0000)]
  0x000000002bd9a000 JavaThread "jar transforms Thread 459" [_thread_blocked, id=5112, stack(0x00000000230d0000,0x00000000231d0000)]
  0x000000002bd99800 JavaThread "jar transforms Thread 458" [_thread_blocked, id=9468, stack(0x0000000022fd0000,0x00000000230d0000)]
  0x000000002bd98800 JavaThread "jar transforms Thread 457" [_thread_blocked, id=2064, stack(0x0000000022ed0000,0x0000000022fd0000)]
  0x000000002bd97800 JavaThread "jar transforms Thread 456" [_thread_blocked, id=4952, stack(0x0000000022dd0000,0x0000000022ed0000)]
  0x000000002bd90000 JavaThread "jar transforms Thread 455" [_thread_blocked, id=1984, stack(0x0000000022cd0000,0x0000000022dd0000)]
  0x000000002bd97000 JavaThread "jar transforms Thread 454" [_thread_blocked, id=5404, stack(0x0000000022bd0000,0x0000000022cd0000)]
  0x000000002bd95800 JavaThread "jar transforms Thread 453" [_thread_blocked, id=1536, stack(0x0000000022ad0000,0x0000000022bd0000)]
  0x000000002bd94800 JavaThread "jar transforms Thread 452" [_thread_blocked, id=10132, stack(0x00000000229d0000,0x0000000022ad0000)]
  0x000000002bd80000 JavaThread "jar transforms Thread 451" [_thread_blocked, id=5160, stack(0x00000000228d0000,0x00000000229d0000)]
  0x000000002bd87000 JavaThread "jar transforms Thread 450" [_thread_blocked, id=6112, stack(0x00000000227d0000,0x00000000228d0000)]
  0x000000002bd82800 JavaThread "jar transforms Thread 449" [_thread_blocked, id=3640, stack(0x00000000226d0000,0x00000000227d0000)]
  0x000000002bd81000 JavaThread "jar transforms Thread 448" [_thread_blocked, id=2940, stack(0x00000000225d0000,0x00000000226d0000)]
  0x000000002bd7f800 JavaThread "jar transforms Thread 447" [_thread_blocked, id=1648, stack(0x00000000224d0000,0x00000000225d0000)]
  0x0000000016c8c000 JavaThread "jar transforms Thread 446" [_thread_blocked, id=2460, stack(0x00000000223d0000,0x00000000224d0000)]
  0x0000000016c89800 JavaThread "jar transforms Thread 445" [_thread_blocked, id=2376, stack(0x00000000222d0000,0x00000000223d0000)]
  0x0000000016c88800 JavaThread "jar transforms Thread 444" [_thread_blocked, id=6528, stack(0x00000000221d0000,0x00000000222d0000)]
  0x0000000016c8c800 JavaThread "jar transforms Thread 443" [_thread_blocked, id=5716, stack(0x00000000220d0000,0x00000000221d0000)]
  0x0000000016c88000 JavaThread "jar transforms Thread 442" [_thread_blocked, id=10280, stack(0x0000000021fd0000,0x00000000220d0000)]
  0x0000000016c87000 JavaThread "jar transforms Thread 441" [_thread_blocked, id=11036, stack(0x0000000021ed0000,0x0000000021fd0000)]
  0x0000000016c8b000 JavaThread "jar transforms Thread 440" [_thread_blocked, id=6368, stack(0x0000000021dd0000,0x0000000021ed0000)]
  0x0000000016c86800 JavaThread "jar transforms Thread 439" [_thread_blocked, id=11044, stack(0x0000000021cd0000,0x0000000021dd0000)]
  0x0000000016c8a000 JavaThread "jar transforms Thread 438" [_thread_blocked, id=1676, stack(0x0000000021bd0000,0x0000000021cd0000)]
  0x0000000016c7d800 JavaThread "jar transforms Thread 437" [_thread_blocked, id=9980, stack(0x0000000021ad0000,0x0000000021bd0000)]
  0x0000000016c82800 JavaThread "jar transforms Thread 436" [_thread_blocked, id=9008, stack(0x00000000219d0000,0x0000000021ad0000)]
  0x0000000016c84000 JavaThread "jar transforms Thread 435" [_thread_blocked, id=9112, stack(0x00000000218d0000,0x00000000219d0000)]
  0x0000000016c84800 JavaThread "jar transforms Thread 434" [_thread_blocked, id=6856, stack(0x00000000217d0000,0x00000000218d0000)]
  0x0000000016c83000 JavaThread "jar transforms Thread 433" [_thread_blocked, id=9956, stack(0x00000000216d0000,0x00000000217d0000)]
  0x0000000016c80000 JavaThread "jar transforms Thread 432" [_thread_blocked, id=5144, stack(0x00000000215d0000,0x00000000216d0000)]
  0x0000000016c81000 JavaThread "jar transforms Thread 431" [_thread_blocked, id=6972, stack(0x00000000214d0000,0x00000000215d0000)]
  0x0000000019f1d000 JavaThread "jar transforms Thread 430" [_thread_blocked, id=1552, stack(0x00000000213d0000,0x00000000214d0000)]
  0x0000000019f1c800 JavaThread "jar transforms Thread 429" [_thread_blocked, id=6820, stack(0x00000000212d0000,0x00000000213d0000)]
  0x0000000019f1b800 JavaThread "jar transforms Thread 428" [_thread_blocked, id=8116, stack(0x00000000211d0000,0x00000000212d0000)]
  0x0000000019f1b000 JavaThread "jar transforms Thread 427" [_thread_blocked, id=8020, stack(0x00000000210d0000,0x00000000211d0000)]
  0x0000000019f1e000 JavaThread "jar transforms Thread 426" [_thread_blocked, id=404, stack(0x0000000020fd0000,0x00000000210d0000)]
  0x0000000019f19000 JavaThread "jar transforms Thread 425" [_thread_blocked, id=10408, stack(0x0000000020ed0000,0x0000000020fd0000)]
  0x0000000019f18800 JavaThread "jar transforms Thread 424" [_thread_blocked, id=11320, stack(0x0000000020dd0000,0x0000000020ed0000)]
  0x0000000019f1a000 JavaThread "jar transforms Thread 423" [_thread_blocked, id=7112, stack(0x0000000020cd0000,0x0000000020dd0000)]
  0x0000000019f10800 JavaThread "jar transforms Thread 422" [_thread_blocked, id=9744, stack(0x0000000020bd0000,0x0000000020cd0000)]
  0x0000000019f17800 JavaThread "jar transforms Thread 421" [_thread_blocked, id=6244, stack(0x0000000020ad0000,0x0000000020bd0000)]
  0x0000000019f10000 JavaThread "jar transforms Thread 420" [_thread_blocked, id=10484, stack(0x00000000209d0000,0x0000000020ad0000)]
  0x0000000019f17000 JavaThread "jar transforms Thread 419" [_thread_blocked, id=12020, stack(0x00000000208d0000,0x00000000209d0000)]
  0x0000000019f15800 JavaThread "jar transforms Thread 418" [_thread_blocked, id=9012, stack(0x00000000207d0000,0x00000000208d0000)]
  0x0000000019f16000 JavaThread "jar transforms Thread 417" [_thread_blocked, id=11080, stack(0x00000000206d0000,0x00000000207d0000)]
  0x0000000019f14800 JavaThread "jar transforms Thread 416" [_thread_blocked, id=1332, stack(0x00000000205d0000,0x00000000206d0000)]
  0x0000000019f12000 JavaThread "jar transforms Thread 415" [_thread_blocked, id=10120, stack(0x00000000204d0000,0x00000000205d0000)]
  0x0000000019f11800 JavaThread "jar transforms Thread 414" [_thread_blocked, id=7220, stack(0x00000000203d0000,0x00000000204d0000)]
  0x0000000019f13800 JavaThread "jar transforms Thread 413" [_thread_blocked, id=1224, stack(0x00000000202d0000,0x00000000203d0000)]
  0x00000000158b5800 JavaThread "jar transforms Thread 412" [_thread_blocked, id=9852, stack(0x00000000201d0000,0x00000000202d0000)]
  0x00000000158b4800 JavaThread "jar transforms Thread 411" [_thread_blocked, id=6908, stack(0x00000000200d0000,0x00000000201d0000)]
  0x00000000158b3000 JavaThread "jar transforms Thread 410" [_thread_blocked, id=9600, stack(0x000000001ffd0000,0x00000000200d0000)]
  0x00000000158b1800 JavaThread "jar transforms Thread 409" [_thread_blocked, id=7996, stack(0x000000001fed0000,0x000000001ffd0000)]
  0x00000000158b3800 JavaThread "jar transforms Thread 408" [_thread_blocked, id=5648, stack(0x000000001fdd0000,0x000000001fed0000)]
  0x00000000158b0800 JavaThread "jar transforms Thread 407" [_thread_blocked, id=3188, stack(0x000000001fcd0000,0x000000001fdd0000)]
  0x00000000158b2000 JavaThread "jar transforms Thread 406" [_thread_blocked, id=9588, stack(0x000000001fbd0000,0x000000001fcd0000)]
  0x00000000158a8800 JavaThread "jar transforms Thread 405" [_thread_blocked, id=11308, stack(0x000000001fad0000,0x000000001fbd0000)]
  0x00000000158a9800 JavaThread "jar transforms Thread 404" [_thread_blocked, id=7000, stack(0x000000001f9d0000,0x000000001fad0000)]
  0x00000000158b0000 JavaThread "jar transforms Thread 403" [_thread_blocked, id=2624, stack(0x000000001f8d0000,0x000000001f9d0000)]
  0x00000000158a8000 JavaThread "jar transforms Thread 402" [_thread_blocked, id=11784, stack(0x000000001f7d0000,0x000000001f8d0000)]
  0x00000000158af000 JavaThread "jar transforms Thread 401" [_thread_blocked, id=11212, stack(0x000000001f6d0000,0x000000001f7d0000)]
  0x00000000158ae000 JavaThread "jar transforms Thread 400" [_thread_blocked, id=8168, stack(0x000000001f5d0000,0x000000001f6d0000)]
  0x00000000158a6800 JavaThread "jar transforms Thread 399" [_thread_blocked, id=5016, stack(0x000000001f4d0000,0x000000001f5d0000)]
  0x00000000158ad800 JavaThread "jar transforms Thread 398" [_thread_blocked, id=2356, stack(0x000000001f3d0000,0x000000001f4d0000)]
  0x00000000158aa800 JavaThread "jar transforms Thread 397" [_thread_blocked, id=10732, stack(0x000000001f2d0000,0x000000001f3d0000)]
  0x00000000158ac000 JavaThread "jar transforms Thread 396" [_thread_blocked, id=7208, stack(0x000000001f1d0000,0x000000001f2d0000)]
  0x00000000158ab000 JavaThread "jar transforms Thread 395" [_thread_blocked, id=1636, stack(0x000000001f0d0000,0x000000001f1d0000)]
  0x0000000019f5c800 JavaThread "jar transforms Thread 394" [_thread_blocked, id=324, stack(0x000000001efd0000,0x000000001f0d0000)]
  0x0000000019f5b800 JavaThread "jar transforms Thread 393" [_thread_blocked, id=4820, stack(0x000000001eed0000,0x000000001efd0000)]
  0x0000000019f61000 JavaThread "jar transforms Thread 392" [_thread_blocked, id=5456, stack(0x000000001edd0000,0x000000001eed0000)]
  0x0000000019f62000 JavaThread "jar transforms Thread 391" [_thread_blocked, id=3968, stack(0x000000001ecd0000,0x000000001edd0000)]
  0x000000002bd96000 JavaThread "RMI TCP Accept-0" daemon [_thread_in_native, id=5540, stack(0x00000000332f0000,0x00000000333f0000)]
  0x000000002bd91800 JavaThread "RMI Reaper" [_thread_blocked, id=3728, stack(0x0000000033c60000,0x0000000033d60000)]
  0x000000002bd89800 JavaThread "RMI TCP Accept-0" daemon [_thread_in_native, id=10124, stack(0x0000000033b60000,0x0000000033c60000)]
  0x000000002bd88000 JavaThread "GC Daemon" daemon [_thread_blocked, id=4128, stack(0x0000000033860000,0x0000000033960000)]
  0x000000002bd8e800 JavaThread "RMI Scheduler(0)" daemon [_thread_blocked, id=10504, stack(0x0000000032ed0000,0x0000000032fd0000)]
  0x000000002bd86800 JavaThread "Cache worker for Java compile cache (C:\Users\aahajenkins\.gradle\caches\6.9\javaCompile)" [_thread_blocked, id=7712, stack(0x0000000031680000,0x0000000031780000)]
  0x0000000016c7e800 JavaThread "Daemon worker Thread 3" [_thread_blocked, id=2176, stack(0x0000000018fd0000,0x00000000190d0000)]
  0x0000000016c81800 JavaThread "Daemon Thread 3" [_thread_blocked, id=5944, stack(0x0000000000b40000,0x0000000000c40000)]
  0x00000000158ac800 JavaThread "Device List Monitor" [_thread_in_native, id=6792, stack(0x000000002b1f0000,0x000000002b2f0000)]
  0x000000001b177000 JavaThread "JdwpProxyConnection" [_thread_in_native, id=8952, stack(0x000000002b0f0000,0x000000002b1f0000)]
  0x000000001b17b000 JavaThread "Monitor" [_thread_in_native, id=8880, stack(0x000000002aff0000,0x000000002b0f0000)]
  0x0000000019f5a000 JavaThread "Memory manager" [_thread_blocked, id=6688, stack(0x0000000025550000,0x0000000025650000)]
  0x0000000015f1a800 JavaThread "Cache worker for file content cache (C:\Users\aahajenkins\.gradle\caches\6.9\fileContent)" [_thread_blocked, id=1988, stack(0x000000001ded0000,0x000000001dfd0000)]
  0x0000000015f19000 JavaThread "Cache worker for execution history cache (C:\Users\aahajenkins\.gradle\caches\6.9\executionHistory)" [_thread_blocked, id=1880, stack(0x000000001d6d0000,0x000000001d7d0000)]
  0x0000000015f14800 JavaThread "Cache worker for journal cache (C:\Users\aahajenkins\.gradle\caches\journal-1)" [_thread_blocked, id=11804, stack(0x0000000019ad0000,0x0000000019bd0000)]
  0x0000000015f15000 JavaThread "File lock request listener" [_thread_in_native, id=11604, stack(0x00000000199d0000,0x0000000019ad0000)]
  0x0000000015f17800 JavaThread "Cache worker for file hash cache (C:\Users\aahajenkins\.gradle\caches\6.9\fileHashes)" [_thread_blocked, id=12160, stack(0x00000000198d0000,0x00000000199d0000)]
  0x000000001765b000 JavaThread "Daemon periodic checks" [_thread_blocked, id=6888, stack(0x0000000018cd0000,0x0000000018dd0000)]
  0x0000000017664800 JavaThread "Incoming local TCP Connector on port 61569" [_thread_in_native, id=7004, stack(0x0000000018a90000,0x0000000018b90000)]
  0x000000001761e800 JavaThread "Daemon health stats" [_thread_blocked, id=6988, stack(0x0000000018650000,0x0000000018750000)]
  0x00000000155e3800 JavaThread "Service Thread" daemon [_thread_blocked, id=868, stack(0x0000000015ab0000,0x0000000015bb0000)]
  0x00000000155b8800 JavaThread "C1 CompilerThread2" daemon [_thread_blocked, id=872, stack(0x00000000159b0000,0x0000000015ab0000)]
  0x0000000013d72000 JavaThread "C2 CompilerThread1" daemon [_thread_in_native, id=3320, stack(0x00000000154b0000,0x00000000155b0000)]
=>0x0000000013d6f800 JavaThread "C2 CompilerThread0" daemon [_thread_in_native, id=3336, stack(0x00000000153b0000,0x00000000154b0000)]
  0x0000000013d67800 JavaThread "Attach Listener" daemon [_thread_blocked, id=680, stack(0x00000000152b0000,0x00000000153b0000)]
  0x0000000013d66800 JavaThread "Signal Dispatcher" daemon [_thread_blocked, id=676, stack(0x00000000151b0000,0x00000000152b0000)]
  0x00000000029eb800 JavaThread "Finalizer" daemon [_thread_blocked, id=684, stack(0x0000000014fb0000,0x00000000150b0000)]
  0x00000000029e3000 JavaThread "Reference Handler" daemon [_thread_blocked, id=1960, stack(0x0000000014eb0000,0x0000000014fb0000)]
  0x00000000028f3000 JavaThread "main" [_thread_blocked, id=9652, stack(0x0000000002720000,0x0000000002820000)]

Other Threads:
  0x0000000013d26000 VMThread [stack: 0x0000000014db0000,0x0000000014eb0000] [id=9616]
  0x00000000155e4800 WatcherThread [stack: 0x0000000015bb0000,0x0000000015cb0000] [id=864]

VM state:not at safepoint (normal execution)

VM Mutex/Monitor currently owned by a thread: None

heap address: 0x00000000e0000000, size: 512 MB, Compressed Oops mode: 32-bit
Narrow klass base: 0x0000000000000000, Narrow klass shift: 3
Compressed class space size: 1073741824 Address: 0x0000000100000000

Heap:
 PSYoungGen      total 148480K, used 112992K [0x00000000f5580000, 0x00000000ffd00000, 0x0000000100000000)
  eden space 125440K, 83% used [0x00000000f5580000,0x00000000fbc57be0,0x00000000fd000000)
  from space 23040K, 33% used [0x00000000fe680000,0x00000000fee00678,0x00000000ffd00000)
  to   space 23040K, 0% used [0x00000000fd000000,0x00000000fd000000,0x00000000fe680000)
 ParOldGen       total 272384K, used 185291K [0x00000000e0000000, 0x00000000f0a00000, 0x00000000f5580000)
  object space 272384K, 68% used [0x00000000e0000000,0x00000000eb4f2e78,0x00000000f0a00000)
 Metaspace       used 152420K, capacity 162180K, committed 162304K, reserved 1189888K
  class space    used 19609K, capacity 21668K, committed 21760K, reserved 1048576K

Card table byte_map: [0x0000000011db0000,0x0000000011ec0000] byte_map_base: 0x00000000116b0000

Marking Bits: (ParMarkBitMap*) 0x00000000672d23c0
 Begin Bits: [0x00000000122c0000, 0x0000000012ac0000)
 End Bits:   [0x0000000012ac0000, 0x00000000132c0000)

Polling page: 0x0000000000ea0000

CodeCache: size=245760Kb used=93514Kb max_used=93695Kb free=152245Kb
 bounds [0x00000000029f0000, 0x00000000085f0000, 0x00000000119f0000]
 total_blobs=26853 nmethods=25880 adapters=883
 compilation: enabled

Compilation events (10 events):
Event: 4088.370 Thread 0x00000000155b8800 32655       1       com.android.zipflinger.ZipSource::getChannel (5 bytes)
Event: 4088.370 Thread 0x00000000155b8800 nmethod 32655 0x0000000005489050 code [0x00000000054891a0, 0x00000000054892b0]
Event: 4088.370 Thread 0x00000000155b8800 32648       1       com.android.zipflinger.Entry::getCdLocation (5 bytes)
Event: 4088.370 Thread 0x00000000155b8800 nmethod 32648 0x0000000003ffd850 code [0x0000000003ffd9a0, 0x0000000003ffdab0]
Event: 4088.370 Thread 0x00000000155b8800 32656       2       kotlin.collections.MapsKt__MapsKt::getValue (12 bytes)
Event: 4088.371 Thread 0x00000000155b8800 nmethod 32656 0x0000000006430350 code [0x0000000006430500, 0x0000000006430808]
Event: 4088.374 Thread 0x00000000155b8800 32657       2       org.gradle.internal.execution.history.changes.DefaultExecutionStateChangeDetector$NonIncrementalDetectedExecutionStateChanges::<init> (8 bytes)
Event: 4088.374 Thread 0x00000000155b8800 nmethod 32657 0x00000000046a06d0 code [0x00000000046a0820, 0x00000000046a09b0]
Event: 4088.376 Thread 0x00000000155b8800 32658       2       org.gradle.api.internal.file.collections.DirectoryFileTree::walkDir (51 bytes)
Event: 4088.377 Thread 0x00000000155b8800 nmethod 32658 0x0000000005ca0750 code [0x0000000005ca08c0, 0x0000000005ca0b68]

GC Heap History (10 events):
Event: 4076.389 GC heap before
{Heap before GC invocations=65 (full 7):
 PSYoungGen      total 147456K, used 143096K [0x00000000f5580000, 0x0000000100000000, 0x0000000100000000)
  eden space 123392K, 100% used [0x00000000f5580000,0x00000000fce00000,0x00000000fce00000)
  from space 24064K, 81% used [0x00000000fce00000,0x00000000fe13e0e0,0x00000000fe580000)
  to   space 26112K, 0% used [0x00000000fe680000,0x00000000fe680000,0x0000000100000000)
 ParOldGen       total 272384K, used 139655K [0x00000000e0000000, 0x00000000f0a00000, 0x00000000f5580000)
  object space 272384K, 51% used [0x00000000e0000000,0x00000000e8861fc0,0x00000000f0a00000)
 Metaspace       used 151214K, capacity 160798K, committed 161024K, reserved 1187840K
  class space    used 19534K, capacity 21593K, committed 21760K, reserved 1048576K
Event: 4076.404 GC heap after
Heap after GC invocations=65 (full 7):
 PSYoungGen      total 148992K, used 5308K [0x00000000f5580000, 0x0000000100000000, 0x0000000100000000)
  eden space 122880K, 0% used [0x00000000f5580000,0x00000000f5580000,0x00000000fcd80000)
  from space 26112K, 20% used [0x00000000fe680000,0x00000000febaf038,0x0000000100000000)
  to   space 25600K, 0% used [0x00000000fcd80000,0x00000000fcd80000,0x00000000fe680000)
 ParOldGen       total 272384K, used 158904K [0x00000000e0000000, 0x00000000f0a00000, 0x00000000f5580000)
  object space 272384K, 58% used [0x00000000e0000000,0x00000000e9b2e168,0x00000000f0a00000)
 Metaspace       used 151214K, capacity 160798K, committed 161024K, reserved 1187840K
  class space    used 19534K, capacity 21593K, committed 21760K, reserved 1048576K
}
Event: 4076.971 GC heap before
{Heap before GC invocations=66 (full 7):
 PSYoungGen      total 148992K, used 128188K [0x00000000f5580000, 0x0000000100000000, 0x0000000100000000)
  eden space 122880K, 100% used [0x00000000f5580000,0x00000000fcd80000,0x00000000fcd80000)
  from space 26112K, 20% used [0x00000000fe680000,0x00000000febaf038,0x0000000100000000)
  to   space 25600K, 0% used [0x00000000fcd80000,0x00000000fcd80000,0x00000000fe680000)
 ParOldGen       total 272384K, used 158904K [0x00000000e0000000, 0x00000000f0a00000, 0x00000000f5580000)
  object space 272384K, 58% used [0x00000000e0000000,0x00000000e9b2e168,0x00000000f0a00000)
 Metaspace       used 151233K, capacity 160798K, committed 161024K, reserved 1187840K
  class space    used 19534K, capacity 21593K, committed 21760K, reserved 1048576K
Event: 4076.987 GC heap after
Heap after GC invocations=66 (full 7):
 PSYoungGen      total 148480K, used 14298K [0x00000000f5580000, 0x00000000fff80000, 0x0000000100000000)
  eden space 122880K, 0% used [0x00000000f5580000,0x00000000f5580000,0x00000000fcd80000)
  from space 25600K, 55% used [0x00000000fcd80000,0x00000000fdb76a98,0x00000000fe680000)
  to   space 25600K, 0% used [0x00000000fe680000,0x00000000fe680000,0x00000000fff80000)
 ParOldGen       total 272384K, used 163603K [0x00000000e0000000, 0x00000000f0a00000, 0x00000000f5580000)
  object space 272384K, 60% used [0x00000000e0000000,0x00000000e9fc4ee8,0x00000000f0a00000)
 Metaspace       used 151233K, capacity 160798K, committed 161024K, reserved 1187840K
  class space    used 19534K, capacity 21593K, committed 21760K, reserved 1048576K
}
Event: 4077.556 GC heap before
{Heap before GC invocations=67 (full 7):
 PSYoungGen      total 148480K, used 137169K [0x00000000f5580000, 0x00000000fff80000, 0x0000000100000000)
  eden space 122880K, 99% used [0x00000000f5580000,0x00000000fcd7dd28,0x00000000fcd80000)
  from space 25600K, 55% used [0x00000000fcd80000,0x00000000fdb76a98,0x00000000fe680000)
  to   space 25600K, 0% used [0x00000000fe680000,0x00000000fe680000,0x00000000fff80000)
 ParOldGen       total 272384K, used 163603K [0x00000000e0000000, 0x00000000f0a00000, 0x00000000f5580000)
  object space 272384K, 60% used [0x00000000e0000000,0x00000000e9fc4ee8,0x00000000f0a00000)
 Metaspace       used 151319K, capacity 160904K, committed 161280K, reserved 1189888K
  class space    used 19537K, capacity 21600K, committed 21760K, reserved 1048576K
Event: 4077.578 GC heap after
Heap after GC invocations=67 (full 7):
 PSYoungGen      total 148480K, used 4128K [0x00000000f5580000, 0x00000000fff00000, 0x0000000100000000)
  eden space 123392K, 0% used [0x00000000f5580000,0x00000000f5580000,0x00000000fce00000)
  from space 25088K, 16% used [0x00000000fe680000,0x00000000fea88020,0x00000000fff00000)
  to   space 25088K, 0% used [0x00000000fce00000,0x00000000fce00000,0x00000000fe680000)
 ParOldGen       total 272384K, used 176460K [0x00000000e0000000, 0x00000000f0a00000, 0x00000000f5580000)
  object space 272384K, 64% used [0x00000000e0000000,0x00000000eac533e8,0x00000000f0a00000)
 Metaspace       used 151319K, capacity 160904K, committed 161280K, reserved 1189888K
  class space    used 19537K, capacity 21600K, committed 21760K, reserved 1048576K
}
Event: 4078.116 GC heap before
{Heap before GC invocations=68 (full 7):
 PSYoungGen      total 148480K, used 127512K [0x00000000f5580000, 0x00000000fff00000, 0x0000000100000000)
  eden space 123392K, 99% used [0x00000000f5580000,0x00000000fcdfe240,0x00000000fce00000)
  from space 25088K, 16% used [0x00000000fe680000,0x00000000fea88020,0x00000000fff00000)
  to   space 25088K, 0% used [0x00000000fce00000,0x00000000fce00000,0x00000000fe680000)
 ParOldGen       total 272384K, used 176460K [0x00000000e0000000, 0x00000000f0a00000, 0x00000000f5580000)
  object space 272384K, 64% used [0x00000000e0000000,0x00000000eac533e8,0x00000000f0a00000)
 Metaspace       used 151467K, capacity 161034K, committed 161280K, reserved 1189888K
  class space    used 19545K, capacity 21611K, committed 21760K, reserved 1048576K
Event: 4078.137 GC heap after
Heap after GC invocations=68 (full 7):
 PSYoungGen      total 148480K, used 7108K [0x00000000f5580000, 0x00000000ffe00000, 0x0000000100000000)
  eden space 123392K, 0% used [0x00000000f5580000,0x00000000f5580000,0x00000000fce00000)
  from space 25088K, 28% used [0x00000000fce00000,0x00000000fd4f1050,0x00000000fe680000)
  to   space 24064K, 0% used [0x00000000fe680000,0x00000000fe680000,0x00000000ffe00000)
 ParOldGen       total 272384K, used 179882K [0x00000000e0000000, 0x00000000f0a00000, 0x00000000f5580000)
  object space 272384K, 66% used [0x00000000e0000000,0x00000000eafaa980,0x00000000f0a00000)
 Metaspace       used 151467K, capacity 161034K, committed 161280K, reserved 1189888K
  class space    used 19545K, capacity 21611K, committed 21760K, reserved 1048576K
}
Event: 4087.404 GC heap before
{Heap before GC invocations=69 (full 7):
 PSYoungGen      total 148480K, used 130500K [0x00000000f5580000, 0x00000000ffe00000, 0x0000000100000000)
  eden space 123392K, 100% used [0x00000000f5580000,0x00000000fce00000,0x00000000fce00000)
  from space 25088K, 28% used [0x00000000fce00000,0x00000000fd4f1050,0x00000000fe680000)
  to   space 24064K, 0% used [0x00000000fe680000,0x00000000fe680000,0x00000000ffe00000)
 ParOldGen       total 272384K, used 179882K [0x00000000e0000000, 0x00000000f0a00000, 0x00000000f5580000)
  object space 272384K, 66% used [0x00000000e0000000,0x00000000eafaa980,0x00000000f0a00000)
 Metaspace       used 151998K, capacity 161714K, committed 162048K, reserved 1189888K
  class space    used 19585K, capacity 21655K, committed 21760K, reserved 1048576K
Event: 4087.418 GC heap after
Heap after GC invocations=69 (full 7):
 PSYoungGen      total 148480K, used 7681K [0x00000000f5580000, 0x00000000ffd00000, 0x0000000100000000)
  eden space 125440K, 0% used [0x00000000f5580000,0x00000000f5580000,0x00000000fd000000)
  from space 23040K, 33% used [0x00000000fe680000,0x00000000fee00678,0x00000000ffd00000)
  to   space 23040K, 0% used [0x00000000fd000000,0x00000000fd000000,0x00000000fe680000)
 ParOldGen       total 272384K, used 185291K [0x00000000e0000000, 0x00000000f0a00000, 0x00000000f5580000)
  object space 272384K, 68% used [0x00000000e0000000,0x00000000eb4f2e78,0x00000000f0a00000)
 Metaspace       used 151998K, capacity 161714K, committed 162048K, reserved 1189888K
  class space    used 19585K, capacity 21655K, committed 21760K, reserved 1048576K
}

Deoptimization events (10 events):
Event: 4087.526 Thread 0x000000002b9a9000 Uncommon trap: reason=speculate_class_check action=maybe_recompile pc=0x0000000002de649c method=com.google.common.collect.ImmutableCollection.toArray([Ljava/lang/Object;)[Ljava/lang/Object; @ 6
Event: 4087.591 Thread 0x000000002b9a9000 Uncommon trap: reason=bimorphic action=maybe_recompile pc=0x0000000005433d30 method=java.io.BufferedOutputStream.write([BII)V @ 20
Event: 4087.591 Thread 0x000000002b9a9000 Uncommon trap: reason=bimorphic action=maybe_recompile pc=0x0000000005433d30 method=java.io.BufferedOutputStream.write([BII)V @ 20
Event: 4087.591 Thread 0x000000002b9a9000 Uncommon trap: reason=bimorphic action=maybe_recompile pc=0x0000000005433d30 method=java.io.BufferedOutputStream.write([BII)V @ 20
Event: 4087.592 Thread 0x000000002b9a9000 Uncommon trap: reason=bimorphic action=maybe_recompile pc=0x0000000005433d30 method=java.io.BufferedOutputStream.write([BII)V @ 20
Event: 4087.644 Thread 0x000000002b9a5800 Uncommon trap: reason=array_check action=maybe_recompile pc=0x00000000082cc018 method=java.util.ComparableTimSort.mergeLo(IIII)V @ 465
Event: 4087.644 Thread 0x000000002b9a5800 Uncommon trap: reason=array_check action=maybe_recompile pc=0x00000000082cc018 method=java.util.ComparableTimSort.mergeLo(IIII)V @ 465
Event: 4087.644 Thread 0x000000002b9a5800 Uncommon trap: reason=array_check action=maybe_recompile pc=0x0000000002c0b074 method=java.util.ComparableTimSort.mergeLo(IIII)V @ 465
Event: 4087.798 Thread 0x000000002b9a8000 Uncommon trap: reason=array_check action=maybe_recompile pc=0x00000000084a2d9c method=java.util.ComparableTimSort.reverseRange([Ljava/lang/Object;II)V @ 27
Event: 4087.957 Thread 0x000000002b9a5800 Uncommon trap: reason=array_check action=maybe_recompile pc=0x00000000084a2d9c method=java.util.ComparableTimSort.reverseRange([Ljava/lang/Object;II)V @ 27

Classes redefined (0 events):
No events

Internal exceptions (10 events):
Event: 4087.908 Thread 0x000000002b9a9800 Exception <a 'sun/nio/fs/WindowsException'> (0x00000000f6484028) thrown at [C:\cygwin64\tmp\build\source\java-1.8.0-openjdk\tmp\jdk8u\hotspot\src\share\vm\prims\jni.cpp, line 711]
Event: 4087.931 Thread 0x000000002b9a1000 Exception <a 'sun/nio/fs/WindowsException'> (0x00000000f99b4008) thrown at [C:\cygwin64\tmp\build\source\java-1.8.0-openjdk\tmp\jdk8u\hotspot\src\share\vm\prims\jni.cpp, line 711]
Event: 4087.931 Thread 0x000000002b9a1000 Exception <a 'sun/nio/fs/WindowsException'> (0x00000000f99b54c0) thrown at [C:\cygwin64\tmp\build\source\java-1.8.0-openjdk\tmp\jdk8u\hotspot\src\share\vm\prims\jni.cpp, line 711]
Event: 4087.932 Thread 0x0000000019f54000 Exception <a 'sun/nio/fs/WindowsException'> (0x00000000f657c178) thrown at [C:\cygwin64\tmp\build\source\java-1.8.0-openjdk\tmp\jdk8u\hotspot\src\share\vm\prims\jni.cpp, line 711]
Event: 4088.343 Thread 0x000000002b9a5800 Exception <a 'sun/nio/fs/WindowsException'> (0x00000000fb6e9848) thrown at [C:\cygwin64\tmp\build\source\java-1.8.0-openjdk\tmp\jdk8u\hotspot\src\share\vm\prims\jni.cpp, line 711]
Event: 4088.343 Thread 0x000000002b9a5800 Exception <a 'sun/nio/fs/WindowsException'> (0x00000000fb6eace8) thrown at [C:\cygwin64\tmp\build\source\java-1.8.0-openjdk\tmp\jdk8u\hotspot\src\share\vm\prims\jni.cpp, line 711]
Event: 4088.344 Thread 0x000000002b9a2000 Exception <a 'sun/nio/fs/WindowsException'> (0x00000000f897d038) thrown at [C:\cygwin64\tmp\build\source\java-1.8.0-openjdk\tmp\jdk8u\hotspot\src\share\vm\prims\jni.cpp, line 711]
Event: 4088.344 Thread 0x000000002b9a2000 Exception <a 'sun/nio/fs/WindowsException'> (0x00000000f897d6e8) thrown at [C:\cygwin64\tmp\build\source\java-1.8.0-openjdk\tmp\jdk8u\hotspot\src\share\vm\prims\jni.cpp, line 711]
Event: 4088.344 Thread 0x000000002b9a2000 Exception <a 'sun/nio/fs/WindowsException'> (0x00000000f897dfd0) thrown at [C:\cygwin64\tmp\build\source\java-1.8.0-openjdk\tmp\jdk8u\hotspot\src\share\vm\prims\jni.cpp, line 711]
Event: 4088.344 Thread 0x000000002b9a2000 Exception <a 'sun/nio/fs/WindowsException'> (0x00000000f897eac8) thrown at [C:\cygwin64\tmp\build\source\java-1.8.0-openjdk\tmp\jdk8u\hotspot\src\share\vm\prims\jni.cpp, line 711]

Events (10 events):
Event: 4088.356 Thread 0x00000000155b8800 flushing nmethod 0x00000000057d5250
Event: 4088.357 Thread 0x00000000155b8800 flushing nmethod 0x0000000005ca0610
Event: 4088.359 Thread 0x00000000155b8800 flushing nmethod 0x00000000061f0ad0
Event: 4088.360 Thread 0x00000000155b8800 flushing nmethod 0x0000000006430250
Event: 4088.360 Thread 0x00000000155b8800 flushing nmethod 0x0000000006434410
Event: 4088.361 Thread 0x00000000155b8800 flushing nmethod 0x00000000066b77d0
Event: 4088.362 Thread 0x00000000155b8800 flushing nmethod 0x0000000006845e10
Event: 4088.362 Thread 0x00000000155b8800 flushing nmethod 0x0000000006b27b10
Event: 4088.366 Thread 0x00000000155b8800 flushing nmethod 0x000000000789ce50
Event: 4088.368 Thread 0x00000000155b8800 flushing nmethod 0x0000000007e2c3d0


Dynamic libraries:
0x00007ff6560d0000 - 0x00007ff656105000 	C:\Program Files\OpenJDK\openjdk-8u275-b01\bin\java.exe
0x00007fffdaa40000 - 0x00007fffdac30000 	C:\Windows\SYSTEM32\ntdll.dll
0x00007fffda800000 - 0x00007fffda8b2000 	C:\Windows\System32\KERNEL32.DLL
0x00007fffd7a40000 - 0x00007fffd7ce5000 	C:\Windows\System32\KERNELBASE.dll
0x00007fffda460000 - 0x00007fffda503000 	C:\Windows\System32\ADVAPI32.dll
0x00007fffd9300000 - 0x00007fffd939e000 	C:\Windows\System32\msvcrt.dll
0x00007fffda510000 - 0x00007fffda5a7000 	C:\Windows\System32\sechost.dll
0x00007fffd9b50000 - 0x00007fffd9c6f000 	C:\Windows\System32\RPCRT4.dll
0x00007fffd9420000 - 0x00007fffd95b4000 	C:\Windows\System32\USER32.dll
0x00007fffd8110000 - 0x00007fffd8131000 	C:\Windows\System32\win32u.dll
0x00007fffd9c70000 - 0x00007fffd9c96000 	C:\Windows\System32\GDI32.dll
0x00007fffd7f70000 - 0x00007fffd8108000 	C:\Windows\System32\gdi32full.dll
0x00007fffd7d40000 - 0x00007fffd7dde000 	C:\Windows\System32\msvcp_win.dll
0x00007fffd7e70000 - 0x00007fffd7f6a000 	C:\Windows\System32\ucrtbase.dll
0x00007fffccb30000 - 0x00007fffccdb4000 	C:\Windows\WinSxS\amd64_microsoft.windows.common-controls_6595b64144ccf1df_6.0.18362.1440_none_9e7dbfb9e45e8e67\COMCTL32.dll
0x00007fffd8fc0000 - 0x00007fffd92f6000 	C:\Windows\System32\combase.dll
0x00007fffd79b0000 - 0x00007fffd7a31000 	C:\Windows\System32\bcryptPrimitives.dll
0x00007fffd9b20000 - 0x00007fffd9b4e000 	C:\Windows\System32\IMM32.DLL
0x0000000067800000 - 0x00000000678d2000 	C:\Program Files\OpenJDK\openjdk-8u275-b01\jre\bin\msvcr100.dll
0x0000000066ac0000 - 0x0000000067354000 	C:\Program Files\OpenJDK\openjdk-8u275-b01\jre\bin\server\jvm.dll
0x00007fffd9930000 - 0x00007fffd9938000 	C:\Windows\System32\PSAPI.DLL
0x00007fffcc810000 - 0x00007fffcc819000 	C:\Windows\SYSTEM32\WSOCK32.dll
0x00007fffd5a40000 - 0x00007fffd5a64000 	C:\Windows\SYSTEM32\WINMM.dll
0x00007fffd2a00000 - 0x00007fffd2a0a000 	C:\Windows\SYSTEM32\VERSION.dll
0x00007fffd9940000 - 0x00007fffd99af000 	C:\Windows\System32\WS2_32.dll
0x00007fffd58e0000 - 0x00007fffd590d000 	C:\Windows\SYSTEM32\winmmbase.dll
0x00007fffd7cf0000 - 0x00007fffd7d3a000 	C:\Windows\System32\cfgmgr32.dll
0x00007fffcc800000 - 0x00007fffcc80f000 	C:\Program Files\OpenJDK\openjdk-8u275-b01\jre\bin\verify.dll
0x00007fffcc7b0000 - 0x00007fffcc7d9000 	C:\Program Files\OpenJDK\openjdk-8u275-b01\jre\bin\java.dll
0x00007fffcc790000 - 0x00007fffcc7a6000 	C:\Program Files\OpenJDK\openjdk-8u275-b01\jre\bin\zip.dll
0x00007fffd9ca0000 - 0x00007fffda388000 	C:\Windows\System32\SHELL32.dll
0x00007fffd9a60000 - 0x00007fffd9b07000 	C:\Windows\System32\shcore.dll
0x00007fffd8370000 - 0x00007fffd8aeb000 	C:\Windows\System32\windows.storage.dll
0x00007fffd7970000 - 0x00007fffd798e000 	C:\Windows\System32\profapi.dll
0x00007fffd7920000 - 0x00007fffd796a000 	C:\Windows\System32\powrprof.dll
0x00007fffd78f0000 - 0x00007fffd7900000 	C:\Windows\System32\UMPDC.dll
0x00007fffda5b0000 - 0x00007fffda602000 	C:\Windows\System32\shlwapi.dll
0x00007fffd7990000 - 0x00007fffd79a1000 	C:\Windows\System32\kernel.appcore.dll
0x00007fffd81f0000 - 0x00007fffd8207000 	C:\Windows\System32\cryptsp.dll
0x00007fffcc770000 - 0x00007fffcc78b000 	C:\Program Files\OpenJDK\openjdk-8u275-b01\jre\bin\net.dll
0x00007fffd7130000 - 0x00007fffd7197000 	C:\Windows\system32\mswsock.dll
0x00007fffcc750000 - 0x00007fffcc762000 	C:\Program Files\OpenJDK\openjdk-8u275-b01\jre\bin\nio.dll
0x00007fffcaa70000 - 0x00007fffcaa97000 	C:\Users\aahajenkins\.gradle\native\49d0259a56938c7f99b2704e745ce422c4f750a7a20b539a32ccef96729676b1\windows-amd64\native-platform.dll
0x00007fffc5160000 - 0x00007fffc52f1000 	C:\Users\aahajenkins\.gradle\native\12488b8bf47d2d4c9fbf2f6322a914ad602e24e48041cd04a747c6da556b65c4\windows-amd64\native-platform-file-events.dll
0x00007fffcaa60000 - 0x00007fffcaa6d000 	C:\Program Files\OpenJDK\openjdk-8u275-b01\jre\bin\management.dll
0x00007fffd6cb0000 - 0x00007fffd6ce3000 	C:\Windows\system32\rsaenh.dll
0x00007fffd7de0000 - 0x00007fffd7e06000 	C:\Windows\System32\bcrypt.dll
0x00007fffd77d0000 - 0x00007fffd77f5000 	C:\Windows\SYSTEM32\USERENV.dll
0x00007fffd7300000 - 0x00007fffd730c000 	C:\Windows\SYSTEM32\CRYPTBASE.dll
0x00007fffd6e40000 - 0x00007fffd6e7a000 	C:\Windows\SYSTEM32\IPHLPAPI.DLL
0x00007fffda610000 - 0x00007fffda618000 	C:\Windows\System32\NSI.dll
0x00007fffd1fd0000 - 0x00007fffd1fe6000 	C:\Windows\SYSTEM32\dhcpcsvc6.DLL
0x00007fffd1ff0000 - 0x00007fffd200c000 	C:\Windows\SYSTEM32\dhcpcsvc.DLL
0x00007fffd6e80000 - 0x00007fffd6f4b000 	C:\Windows\SYSTEM32\DNSAPI.dll
0x00007fffcf460000 - 0x00007fffcf46a000 	C:\Windows\System32\rasadhlp.dll
0x00007fffd1b30000 - 0x00007fffd1ba7000 	C:\Windows\System32\fwpuclnt.dll
0x00007fffd5ad0000 - 0x00007fffd5af4000 	C:\Program Files\OpenJDK\openjdk-8u275-b01\jre\bin\sunec.dll
0x00007fffd5a90000 - 0x00007fffd5a9c000 	C:\Program Files\OpenJDK\openjdk-8u275-b01\jre\bin\sunmscapi.dll
0x00007fffd8210000 - 0x00007fffd8361000 	C:\Windows\System32\CRYPT32.dll
0x00007fffd7900000 - 0x00007fffd7912000 	C:\Windows\System32\MSASN1.dll
0x00007fffd7400000 - 0x00007fffd7426000 	C:\Windows\SYSTEM32\ncrypt.dll
0x00007fffd73c0000 - 0x00007fffd73fb000 	C:\Windows\SYSTEM32\NTASN1.dll
0x00007fffd6930000 - 0x00007fffd6961000 	C:\Windows\SYSTEM32\ntmarta.dll
0x00007fffc5140000 - 0x00007fffc515e000 	C:\Users\aahajenkins\AppData\Local\Temp\native-platform2910138161025532679dir\native-platform.dll
0x00007fffc5120000 - 0x00007fffc513e000 	C:\Users\aahajenkins\AppData\Local\Temp\native-platform3429609812736437605dir\native-platform.dll
0x00007fffd5b70000 - 0x00007fffd5bff000 	C:\Windows\system32\apphelp.dll

VM Arguments:
jvm_args: -XX:MaxMetaspaceSize=256m -XX:+HeapDumpOnOutOfMemoryError -Xms256m -Xmx512m -Dfile.encoding=windows-1252 -Duser.country=IN -Duser.language=en -Duser.variant 
java_command: org.gradle.launcher.daemon.bootstrap.GradleDaemon 6.9
java_class_path (initial): C:\Users\aahajenkins\.gradle\wrapper\dists\gradle-6.9-all\dooywd8nv05k16orzxge2b1bs\gradle-6.9\lib\gradle-launcher-6.9.jar
Launcher Type: SUN_STANDARD

Environment Variables:
JAVA_HOME=C:\Program Files\OpenJDK\openjdk-8u275-b01
CLASSPATH=C:\Users\aahajenkins\Desktop\Task\android\\gradle\wrapper\gradle-wrapper.jar
PATH=C:\Users\aahajenkins\Desktop\Task\android\node_modules\.bin;C:\Users\aahajenkins\Desktop\Task\node_modules\.bin;C:\Users\aahajenkins\Desktop\node_modules\.bin;C:\Users\aahajenkins\node_modules\.bin;C:\Users\node_modules\.bin;C:\node_modules\.bin;C:\Program Files\nodejs;C:\Users\aahajenkins\Desktop\Task\node_modules\.bin;C:\Users\Admin\AppData\Local\Programs\Python\Python38\Scripts\;C:\Users\Admin\AppData\Local\Programs\Python\Python38\;C:\Program Files\Common Files\Oracle\Java\javapath;C:\Python38\Scripts\;C:\Python38\;C:\Windows\system32;C:\Windows;C:\Windows\System32\Wbem;C:\Windows\System32\WindowsPowerShell\v1.0\;C:\Windows\System32\OpenSSH\;C:\Program Files (x86)\Intel\Intel(R) Management Engine Components\DAL;C:\Program Files\Intel\Intel(R) Management Engine Components\DAL;C:\Program Files (x86)\NVIDIA Corporation\PhysX\Common;C:\Program Files\Git\cmd;C:\ProgramData\chocolatey\bin;C:\Program Files\OpenJDK\openjdk-8u275-b01\bin;C:\Program Files\nodejs\;C:\Users\aahajenkins\AppData\Local\Android\Sdk\platform-tools;;C:\Program Files\NVIDIA Corporation\NVIDIA NvDLISR;C:\Users\aahajenkins\AppData\Local\Microsoft\WindowsApps;C:\Users\aahajenkins\AppData\Roaming\npm;C:\Users\aahajenkins\AppData\Local\Programs\Microsoft VS Code\bin;C:\Program Files\JetBrains\IntelliJ IDEA Community Edition 2021.2.3\bin;;C:\Users\aahajenkins\AppData\Local\Android\Sdk\platform-tools;
USERNAME=aahajenkins
OS=Windows_NT
PROCESSOR_IDENTIFIER=Intel64 Family 6 Model 158 Stepping 10, GenuineIntel



---------------  S Y S T E M  ---------------

OS: Windows 10.0 , 64 bit Build 18362 (10.0.18362.1350)

CPU:total 4 (initial active 4) (4 cores per cpu, 1 threads per core) family 6 model 158 stepping 10, cmov, cx8, fxsr, mmx, sse, sse2, sse3, ssse3, sse4.1, sse4.2, popcnt, avx, avx2, aes, clmul, erms, 3dnowpref, lzcnt, tsc, tscinvbit, bmi1, bmi2, adx

Memory: 4k page, physical 16710808k(4270240k free), swap 16710808k(6120k free)

vm_info: OpenJDK 64-Bit Server VM (25.275-b01) for windows-amd64 JRE (1.8.0_275-b01), built on Nov  6 2020 13:43:37 by "build" with MS VC++ 10.0 (VS2010)

time: Tue Feb 01 17:02:18 2022
timezone: India Standard Time
elapsed time: 4088.390375 seconds (0d 1h 8m 8s)

